[dotenv@17.2.1] injecting env (9) from .env -- tip: 🛠️  run anywhere with `dotenvx run -- yourcommand`
✅ Stripe configured successfully
Environment: production
Connecting to MongoDB...
(node:3485528) [MONGOOSE] Warning: Duplicate schema index on {"role":1} found. This is often due to declaring an index using both "index: true" and "schema.index()". Please remove the duplicate index definition.
(Use `node --trace-warnings ...` to show where the warning was created)
(node:3485528) [MONGOOSE] Warning: Duplicate schema index on {"tickets.loginId":1} found. This is often due to declaring an index using both "index: true" and "schema.index()". Please remove the duplicate index definition.
(node:3485528) [MONGOOSE] Warning: Duplicate schema index on {"studentId":1} found. This is often due to declaring an index using both "index: true" and "schema.index()". Please remove the duplicate index definition.
(node:3485528) [MONGOOSE] Warning: Duplicate schema index on {"courseId":1} found. This is often due to declaring an index using both "index: true" and "schema.index()". Please remove the duplicate index definition.
(node:3485528) [MONGOOSE] Warning: Duplicate schema index on {"type":1} found. This is often due to declaring an index using both "index: true" and "schema.index()". Please remove the duplicate index definition.
(node:3485528) [MONGOOSE] Warning: Duplicate schema index on {"userId":1} found. This is often due to declaring an index using both "index: true" and "schema.index()". Please remove the duplicate index definition.
(node:3485528) [MONGOOSE] Warning: Duplicate schema index on {"certificateNumber":1} found. This is often due to declaring an index using both "index: true" and "schema.index()". Please remove the duplicate index definition.
(node:3485528) [MONGOOSE] Warning: Duplicate schema index on {"userId":1} found. This is often due to declaring an index using both "index: true" and "schema.index()". Please remove the duplicate index definition.
(node:3485528) [MONGODB DRIVER] Warning: useNewUrlParser is a deprecated option: useNewUrlParser has no effect since Node.js Driver version 4.0.0 and will be removed in the next major version
(node:3485528) [MONGODB DRIVER] Warning: useUnifiedTopology is a deprecated option: useUnifiedTopology has no effect since Node.js Driver version 4.0.0 and will be removed in the next major version
MongoDB connected successfully
Initializing database...
Admin user already exists
Database initialization completed
Server running on 0.0.0.0:4000
